app/proguard-rules.pro
# Cryptika Messenger ProGuard Rules

# Keep BouncyCastle crypto primitives
-keep class org.bouncycastle.** { *; }
-dontwarn org.bouncycastle.**

# Keep Room entities
-keep class com.cryptika.messenger.data.local.db.** { *; }

# Keep domain models (Gson serialization)
-keep class com.cryptika.messenger.domain.model.** { *; }

# Keep Hilt generated code
-keep class * extends dagger.hilt.android.internal.managers.ActivityComponentManager { *; }
-keepnames @dagger.hilt.android.lifecycle.HiltViewModel class *

# Keep Retrofit interfaces
-keep,allowobfuscation interface * {
    @retrofit2.http.* <methods>;
}

# SQLCipher
-keep class net.sqlcipher.** { *; }
-keep class net.sqlcipher.database.** { *; }

# WorkManager
-keep class * extends androidx.work.Worker { *; }
-keep class * extends androidx.work.CoroutineWorker { *; }

# ZXing
-keep class com.google.zxing.** { *; }

# Google Tink / error-prone annotations (transitive via AndroidX Security Crypto)
-dontwarn com.google.errorprone.annotations.CanIgnoreReturnValue
-dontwarn com.google.errorprone.annotations.CheckReturnValue
-dontwarn com.google.errorprone.annotations.Immutable
-dontwarn com.google.errorprone.annotations.RestrictedApi