app/build/outputs/mapping/release/seeds.txt
com.cryptika.messenger.data.local.db.MessageDao_Impl$2
com.cryptika.messenger.domain.model.MessageHeader
com.cryptika.messenger.data.local.db.MessageEntity
com.cryptika.messenger.domain.model.Session
com.cryptika.messenger.data.local.db.MessageDao_Impl$3
com.cryptika.messenger.worker.MessageExpiryWorker_AssistedFactory
com.cryptika.messenger.data.local.db.ContactDao_Impl$10
com.cryptika.messenger.data.local.db.LocalIdentityDao_Impl
com.cryptika.messenger.data.local.db.ContactDao_Impl$7
com.cryptika.messenger.domain.model.IncomingCallData
com.cryptika.messenger.CryptikaApp_HiltComponents$FragmentC$Builder
com.cryptika.messenger.worker.MessageExpiryWorker_HiltModule
com.cryptika.messenger.CryptikaApp_HiltComponents$ActivityCBuilderModule
com.cryptika.messenger.data.remote.ConnectionForegroundService
com.cryptika.messenger.data.local.db.ConversationDao_Impl$6
com.cryptika.messenger.presentation.viewmodel.HomeViewModel
com.cryptika.messenger.presentation.viewmodel.CallViewModel
com.cryptika.messenger.CryptikaApp_HiltComponents$FragmentCBuilderModule
com.cryptika.messenger.domain.model.CryptoError$SignatureInvalid
com.cryptika.messenger.CryptikaApp_HiltComponents$ServiceCBuilderModule
com.cryptika.messenger.data.local.db.ContactDao_Impl$4
com.cryptika.messenger.data.local.db.MessageDao_Impl$8
com.cryptika.messenger.data.local.db.ConversationDao
com.cryptika.messenger.data.local.db.ConversationDao_Impl$9
com.cryptika.messenger.CryptikaApp_HiltComponents$ServiceC$Builder
com.cryptika.messenger.CryptikaApp_HiltComponents$ActivityRetainedC$Builder
com.cryptika.messenger.data.remote.CallForegroundService
com.cryptika.messenger.domain.model.EphemeralSessionState$Expired
com.cryptika.messenger.data.local.db.ContactDao_Impl$3
com.cryptika.messenger.data.local.db.ContactDao_Impl$5
com.cryptika.messenger.data.local.db.MessageDao_Impl$1
com.cryptika.messenger.domain.model.CryptoError$TicketSignatureInvalid
com.cryptika.messenger.data.local.db.MessageDao_Impl$13
com.cryptika.messenger.domain.repository.IdentityRepository
com.cryptika.messenger.worker.MessageExpiryWorker
com.cryptika.messenger.data.local.db.ContactDao_Impl$9
com.cryptika.messenger.data.local.db.ContactDao
com.cryptika.messenger.CryptikaApp_HiltComponents$ViewWithFragmentC$Builder
com.cryptika.messenger.data.local.db.LocalIdentityDao_Impl$1
com.cryptika.messenger.data.local.db.MessageDao_Impl$11
com.cryptika.messenger.CryptikaApp_HiltComponents$ActivityC$Builder
com.cryptika.messenger.data.local.db.ConversationDao_Impl$5
com.cryptika.messenger.presentation.viewmodel.ContactConfirmViewModel
com.cryptika.messenger.domain.model.EphemeralSessionState
com.cryptika.messenger.data.local.db.MessageDao_Impl$17
com.cryptika.messenger.domain.model.MessageState
com.cryptika.messenger.presentation.viewmodel.ContactDiscoveryViewModel
com.cryptika.messenger.data.local.db.MessageDao_Impl$19
com.cryptika.messenger.presentation.viewmodel.AuthViewModel
com.cryptika.messenger.data.local.db.MessageDao_Impl$12
com.cryptika.messenger.data.local.db.ContactEntity
com.cryptika.messenger.data.local.db.LocalIdentityDao
com.cryptika.messenger.domain.model.ConnectionState
com.cryptika.messenger.domain.model.CryptoError$StorageTampered
com.cryptika.messenger.domain.model.CryptoError$DhExchangeFailed
com.cryptika.messenger.data.local.db.MessageDao_Impl$7
com.cryptika.messenger.domain.repository.AuthRepository
com.cryptika.messenger.data.local.db.Converters
com.cryptika.messenger.domain.model.DomainModelsKt
com.cryptika.messenger.data.local.db.LocalIdentityEntity
com.cryptika.messenger.data.local.db.MessageDao_Impl$6
com.cryptika.messenger.data.local.db.LocalIdentityDao_Impl$2
com.cryptika.messenger.domain.model.WirePacket
com.cryptika.messenger.domain.model.AppVersion
com.cryptika.messenger.data.local.db.ConversationDao_Impl$10
com.cryptika.messenger.data.local.db.AppDatabaseKt$MIGRATION_1_2$1
com.cryptika.messenger.data.local.db.ContactDao_Impl$6
com.cryptika.messenger.domain.model.CryptoError$TimestampStale
...
org.bouncycastle.asn1.nist.KMACwithSHAKE256_params: byte[] customizationString
org.bouncycastle.math.ec.rfc8032.Ed448: int L4_4
com.google.zxing.oned.CodaBarReader: char[] STARTEND_ENCODING
org.bouncycastle.crypto.digests.WhirlpoolDigest: long[] _K
com.google.zxing.client.android.R$styleable: int zxing_camera_preview_zxing_framing_rect_height
org.bouncycastle.pqc.crypto.sphincsplus.SPHINCSPlusEngine$Sha256Engine: byte[] padding
org.bouncycastle.crypto.engines.CamelliaEngine: int[] SIGMA
org.bouncycastle.pqc.jcajce.provider.rainbow.BCRainbowPublicKey: short[][] coeffsingular
org.bouncycastle.x509.X509CRLStoreSelector: byte[] issuingDistributionPoint
org.bouncycastle.jcajce.provider.asymmetric.rsa.PSSSignatureSpi$NullPssDigest: java.io.ByteArrayOutputStream bOut
com.google.zxing.qrcode.decoder.Mode: com.google.zxing.qrcode.decoder.Mode HANZI
org.bouncycastle.asn1.sec.SECObjectIdentifiers: org.bouncycastle.asn1.ASN1ObjectIdentifier sect233k1
org.bouncycastle.internal.asn1.eac.EACObjectIdentifiers: org.bouncycastle.asn1.ASN1ObjectIdentifier id_PK
org.bouncycastle.util.encoders.UrlBase64: org.bouncycastle.util.encoders.Encoder encoder
com.google.zxing.oned.CodaBarWriter: char DEFAULT_GUARD
org.bouncycastle.pqc.jcajce.provider.xmss.XMSSKeyPairGeneratorSpi: org.bouncycastle.pqc.crypto.xmss.XMSSKeyPairGenerator engine
org.bouncycastle.asn1.pkcs.PKCSObjectIdentifiers: org.bouncycastle.asn1.ASN1ObjectIdentifier md4
org.bouncycastle.asn1.nist.NISTObjectIdentifiers: org.bouncycastle.asn1.ASN1ObjectIdentifier id_hmacWithSHA3_512
org.bouncycastle.pqc.jcajce.provider.XMSS: java.lang.String PREFIX
org.bouncycastle.pqc.crypto.lms.LMSPrivateKeyParameters: java.util.Map tCache
org.bouncycastle.jcajce.provider.symmetric.DES$Mappings: java.lang.String PREFIX
org.bouncycastle.internal.asn1.eac.EACObjectIdentifiers: org.bouncycastle.asn1.ASN1ObjectIdentifier id_TA_RSA_PSS_SHA_512
org.bouncycastle.crypto.engines.Grainv1Engine: byte[] out
com.google.crypto.tink.proto.HmacParams: com.google.crypto.tink.proto.HmacParams DEFAULT_INSTANCE
org.bouncycastle.crypto.engines.CAST5Engine: int _rounds
org.bouncycastle.jcajce.provider.symmetric.CAST5$AlgParams: byte[] iv
org.bouncycastle.crypto.macs.HMac: org.bouncycastle.crypto.Digest digest
org.bouncycastle.jcajce.provider.util.DigestFactory: java.util.Map oids
org.bouncycastle.math.ec.custom.sec.SecP384R1Field: int[] P
androidx.lifecycle.ProcessLifecycleOwner$attach$1$onActivityPreCreated$1: androidx.lifecycle.ProcessLifecycleOwner this$0
org.bouncycastle.jcajce.spec.MQVParameterSpec: byte[] userKeyingMaterial
org.bouncycastle.pqc.crypto.xmss.XMSSMTPublicKeyParameters: byte[] publicSeed
org.bouncycastle.asn1.x509.X509AttributeIdentifiers: org.bouncycastle.asn1.ASN1ObjectIdentifier RoleSyntax
org.bouncycastle.jcajce.provider.symmetric.util.BaseBlockCipher: java.lang.Class[] availableSpecs
org.bouncycastle.asn1.anssi.ANSSINamedCurves: java.util.Hashtable objIds
com.google.zxing.client.result.TelParsedResult: java.lang.String number
com.google.zxing.aztec.encoder.BinaryShiftToken: short binaryShiftStart
net.sqlcipher.DatabaseUtils$InsertHelper: net.sqlcipher.database.SQLiteStatement mPreparedStatement
org.bouncycastle.jcajce.provider.asymmetric.ecgost12.BCECGOST3410_2012PublicKey: boolean withCompression
com.google.zxing.common.reedsolomon.GenericGF: com.google.zxing.common.reedsolomon.GenericGF MAXICODE_FIELD_64
org.bouncycastle.pqc.jcajce.provider.mceliece.McEliecePointchevalCipherSpi: org.bouncycastle.pqc.crypto.mceliece.McEliecePointchevalCipher cipher
org.bouncycastle.jce.X509LDAPCertStoreParameters: java.lang.String searchForSerialNumberIn
org.bouncycastle.asn1.pkcs.PKCSObjectIdentifiers: org.bouncycastle.asn1.ASN1ObjectIdentifier encryptionAlgorithm
org.bouncycastle.crypto.macs.Poly1305: int r4
org.bouncycastle.math.ec.custom.sec.SecP160R1Curve: org.bouncycastle.math.ec.ECFieldElement[] SECP160R1_AFFINE_ZS
org.bouncycastle.jcajce.provider.asymmetric.edec.KeyFactorySpi: java.lang.String algorithm