app/build/outputs/mapping/release/usage.txt
com.cryptika.messenger.BuildConfig
com.cryptika.messenger.CryptikaApp:
    public final void setBackgroundConnectionManager(com.cryptika.messenger.data.remote.BackgroundConnectionManager)
    public final void setWorkerFactory(androidx.hilt.work.HiltWorkerFactory)
com.cryptika.messenger.CryptikaApp_ComponentTreeDeps
com.cryptika.messenger.CryptikaApp_HiltComponents$ActivityCBuilderModule:
    public abstract dagger.hilt.android.internal.builders.ActivityComponentBuilder bind(com.cryptika.messenger.CryptikaApp_HiltComponents$ActivityC$Builder)
com.cryptika.messenger.CryptikaApp_HiltComponents$ActivityRetainedCBuilderModule:
    public abstract dagger.hilt.android.internal.builders.ActivityRetainedComponentBuilder bind(com.cryptika.messenger.CryptikaApp_HiltComponents$ActivityRetainedC$Builder)
com.cryptika.messenger.CryptikaApp_HiltComponents$FragmentC:
    public void <init>()
com.cryptika.messenger.CryptikaApp_HiltComponents$FragmentCBuilderModule:
    public abstract dagger.hilt.android.internal.builders.FragmentComponentBuilder bind(com.cryptika.messenger.CryptikaApp_HiltComponents$FragmentC$Builder)
com.cryptika.messenger.CryptikaApp_HiltComponents$ServiceC:
    public void <init>()
com.cryptika.messenger.CryptikaApp_HiltComponents$ServiceCBuilderModule:
    public abstract dagger.hilt.android.internal.builders.ServiceComponentBuilder bind(com.cryptika.messenger.CryptikaApp_HiltComponents$ServiceC$Builder)
com.cryptika.messenger.CryptikaApp_HiltComponents$ViewC:
    public void <init>()
com.cryptika.messenger.CryptikaApp_HiltComponents$ViewCBuilderModule:
    public abstract dagger.hilt.android.internal.builders.ViewComponentBuilder bind(com.cryptika.messenger.CryptikaApp_HiltComponents$ViewC$Builder)
com.cryptika.messenger.CryptikaApp_HiltComponents$ViewModelCBuilderModule:
    public abstract dagger.hilt.android.internal.builders.ViewModelComponentBuilder bind(com.cryptika.messenger.CryptikaApp_HiltComponents$ViewModelC$Builder)
com.cryptika.messenger.CryptikaApp_HiltComponents$ViewWithFragmentC:
    public void <init>()
com.cryptika.messenger.CryptikaApp_HiltComponents$ViewWithFragmentCBuilderModule:
    public abstract dagger.hilt.android.internal.builders.ViewWithFragmentComponentBuilder bind(com.cryptika.messenger.CryptikaApp_HiltComponents$ViewWithFragmentC$Builder)
com.cryptika.messenger.CryptikaApp_HiltComponents
com.cryptika.messenger.CryptikaApp_MembersInjector:
    private final javax.inject.Provider backgroundConnectionManagerProvider
    private final javax.inject.Provider workerFactoryProvider
    public void <init>(javax.inject.Provider,javax.inject.Provider)
    public static dagger.MembersInjector create(javax.inject.Provider,javax.inject.Provider)
    public void injectMembers(com.cryptika.messenger.CryptikaApp)
    public synthetic bridge void injectMembers(java.lang.Object)
...
androidx.compose.ui.layout.LayoutKt$combineAsVirtualLayouts$1:
    public final void invoke$2()
androidx.compose.ui.layout.LayoutKt$materializerOf$1:
    public static void invoke-Deg8D_g()
androidx.compose.ui.layout.LayoutModifierImpl:
    public static final int $stable
    static void <clinit>()
    public static void setMeasureBlock()
androidx.compose.ui.layout.LayoutNodeSubcompositionsState$NodeState:
    public final boolean getActive()
    public static androidx.compose.runtime.ReusableComposition getComposition()
    public static kotlin.jvm.functions.Function2 getContent()
    public static boolean getForceRecompose()
    public static boolean getForceReuse()
    public static java.lang.Object getSlotId()
    public final void setActive()
    public static void setActiveState()
    public static void setComposition()
    public static void setContent()
    public static void setForceRecompose()
    public static void setForceReuse()
    public static void setSlotId()
androidx.compose.ui.layout.LayoutNodeSubcompositionsState$Scope:
    public static void setDensity()
    public static void setFontScale()
    public final void setLayoutDirection(androidx.compose.ui.unit.LayoutDirection)
androidx.compose.ui.layout.LayoutNodeSubcompositionsState$disposeUnusedSlotsInPostLookahead$1:
    public static java.lang.Boolean invoke$19()
androidx.compose.ui.layout.LayoutNodeSubcompositionsState$subcompose$3$1$1:
    public final void invoke$2()
androidx.compose.ui.layout.LayoutNodeSubcompositionsState:
    public static final int $stable
    static void <clinit>()
    public static androidx.compose.ui.layout.MeasurePolicy createMeasurePolicy()
    public final androidx.compose.ui.node.LayoutNode createNodeAt(int)
    public static void forceRecomposeChildren()
    public final java.lang.Object getSlotIdAtIndex(int)
    public final void move(int,int)
    public static void resetLayoutState(androidx.compose.ui.node.LayoutNode)
    public static void setCompositionContext()
    public static void setSlotReusePolicy()
    public final java.util.List subcompose(java.lang.Object,kotlin.jvm.functions.Function2)
androidx.compose.ui.layout.LookaheadLayoutCoordinates:
    static void <clinit>()
    public final androidx.compose.ui.node.NodeCoordinator getCoordinator()
androidx.compose.ui.layout.MeasureScope:
    public static synthetic androidx.compose.ui.layout.MeasureResult layout$default(androidx.compose.ui.layout.MeasureScope,int,int,kotlin.jvm.functions.Function1)
androidx.compose.ui.layout.MeasuringIntrinsics$IntrinsicMinMax$EnumUnboxingLocalUtility
androidx.compose.ui.layout.MeasuringIntrinsics$IntrinsicMinMax
androidx.compose.ui.layout.MeasuringIntrinsics$IntrinsicWidthHeight$EnumUnboxingLocalUtility
androidx.compose.ui.layout.MeasuringIntrinsics$IntrinsicWidthHeight
androidx.compose.ui.layout.MeasuringIntrinsics
androidx.compose.ui.layout.MultiContentMeasurePolicyKt
androidx.compose.ui.layout.OnGloballyPositionedElement:
    public static androidx.compose.ui.layout.OnGloballyPositionedNode create()
    public static void update$47()
androidx.compose.ui.layout.OnGloballyPositionedNode:
    public static void setCallback()
androidx.compose.ui.layout.OnRemeasuredModifierKt$onSizeChanged$$inlined$debugInspectorInfo$1$$InternalSyntheticThrowCCEIfNotNull$23$3b8217ef10a8fd0a2421607aac6dcc40562aafc214628e16915103eb0e58cd3b$0
androidx.compose.ui.layout.OnRemeasuredModifierKt$onSizeChanged$$inlined$debugInspectorInfo$1
androidx.compose.ui.layout.OnRemeasuredModifierKt
androidx.compose.ui.layout.PinnableContainerKt$LocalPinnableContainer$1:
    public static androidx.compose.ui.layout.PinnableContainer invoke()